java.io.FileNotFoundException: ../models/SQLScripts/procedure.sql (No such file or directory)
	at java.base/java.io.FileInputStream.open0(Native Method)
	at java.base/java.io.FileInputStream.open(FileInputStream.java:219)
	at java.base/java.io.FileInputStream.<init>(FileInputStream.java:157)
	at java.base/java.io.FileInputStream.<init>(FileInputStream.java:112)
	at java.base/java.io.FileReader.<init>(FileReader.java:60)
	at com.zs.codeDojo.models.config.Config.readScript(Config.java:87)
	at com.zs.codeDojo.models.config.Config.createProcedure(Config.java:64)
	at com.zs.codeDojo.models.config.Config.contextInitialized(Config.java:50)
	at org.apache.catalina.core.StandardContext.listenerStart(StandardContext.java:4699)
	at org.apache.catalina.core.StandardContext.startInternal(StandardContext.java:5165)
	at org.apache.catalina.util.LifecycleBase.start(LifecycleBase.java:183)
	at org.apache.catalina.core.ContainerBase.addChildInternal(ContainerBase.java:743)
	at org.apache.catalina.core.ContainerBase.addChild(ContainerBase.java:719)
	at org.apache.catalina.core.StandardHost.addChild(StandardHost.java:705)
	at org.apache.catalina.startup.HostConfig.deployDirectory(HostConfig.java:1125)
	at org.apache.catalina.startup.HostConfig$DeployDirectory.run(HostConfig.java:1859)
	at java.base/java.util.concurrent.Executors$RunnableAdapter.call(Executors.java:515)
	at java.base/java.util.concurrent.FutureTask.run(FutureTask.java:264)
	at java.base/java.util.concurrent.ThreadPoolExecutor.runWorker(ThreadPoolExecutor.java:1128)
	at java.base/java.util.concurrent.ThreadPoolExecutor$Worker.run(ThreadPoolExecutor.java:628)
	at java.base/java.lang.Thread.run(Thread.java:829)
java.io.FileNotFoundException: ../models/SQLScripts/event.sql (No such file or directory)
	at java.base/java.io.FileInputStream.open0(Native Method)
	at java.base/java.io.FileInputStream.open(FileInputStream.java:219)
	at java.base/java.io.FileInputStream.<init>(FileInputStream.java:157)
	at java.base/java.io.FileInputStream.<init>(FileInputStream.java:112)
	at java.base/java.io.FileReader.<init>(FileReader.java:60)
	at com.zs.codeDojo.models.config.Config.readScript(Config.java:87)
	at com.zs.codeDojo.models.config.Config.createEvent(Config.java:76)
	at com.zs.codeDojo.models.config.Config.contextInitialized(Config.java:51)
	at org.apache.catalina.core.StandardContext.listenerStart(StandardContext.java:4699)
	at org.apache.catalina.core.StandardContext.startInternal(StandardContext.java:5165)
	at org.apache.catalina.util.LifecycleBase.start(LifecycleBase.java:183)
	at org.apache.catalina.core.ContainerBase.addChildInternal(ContainerBase.java:743)
	at org.apache.catalina.core.ContainerBase.addChild(ContainerBase.java:719)
	at org.apache.catalina.core.StandardHost.addChild(StandardHost.java:705)
	at org.apache.catalina.startup.HostConfig.deployDirectory(HostConfig.java:1125)
	at org.apache.catalina.startup.HostConfig$DeployDirectory.run(HostConfig.java:1859)
	at java.base/java.util.concurrent.Executors$RunnableAdapter.call(Executors.java:515)
	at java.base/java.util.concurrent.FutureTask.run(FutureTask.java:264)
	at java.base/java.util.concurrent.ThreadPoolExecutor.runWorker(ThreadPoolExecutor.java:1128)
	at java.base/java.util.concurrent.ThreadPoolExecutor$Worker.run(ThreadPoolExecutor.java:628)
	at java.base/java.lang.Thread.run(Thread.java:829)
2024-03-12 12:31:11  All configs checked
2024-03-12 12:31:14  SLF4J: No SLF4J providers were found.
2024-03-12 12:31:14  SLF4J: Defaulting to no-operation (NOP) logger implementation
2024-03-12 12:31:14  SLF4J: See https://www.slf4j.org/codes.html#noProviders for further details.
2024-03-12 12:31:14  SLF4J: Class path contains SLF4J bindings targeting slf4j-api versions 1.7.x or earlier.
2024-03-12 12:31:14  SLF4J: Ignoring binding found at [jar:file:/opt/apache/webapps/struts2/WEB-INF/lib/log4j-slf4j-impl-2.20.0.jar!/org/slf4j/impl/StaticLoggerBinder.class]
2024-03-12 12:31:14  SLF4J: See https://www.slf4j.org/codes.html#ignoredBindings for an explanation.
2024-03-12 12:31:27  uvchan
2024-03-12 12:31:27  uvchan123
java.io.FileNotFoundException: ../models/SQLScripts/procedure.sql (No such file or directory)
	at java.base/java.io.FileInputStream.open0(Native Method)
	at java.base/java.io.FileInputStream.open(FileInputStream.java:219)
	at java.base/java.io.FileInputStream.<init>(FileInputStream.java:157)
	at java.base/java.io.FileInputStream.<init>(FileInputStream.java:112)
	at java.base/java.io.FileReader.<init>(FileReader.java:60)
	at com.zs.codeDojo.models.config.Config.readScript(Config.java:87)
	at com.zs.codeDojo.models.config.Config.createProcedure(Config.java:64)
	at com.zs.codeDojo.models.config.Config.contextInitialized(Config.java:50)
	at org.apache.catalina.core.StandardContext.listenerStart(StandardContext.java:4699)
	at org.apache.catalina.core.StandardContext.startInternal(StandardContext.java:5165)
	at org.apache.catalina.util.LifecycleBase.start(LifecycleBase.java:183)
	at org.apache.catalina.core.ContainerBase.addChildInternal(ContainerBase.java:743)
	at org.apache.catalina.core.ContainerBase.addChild(ContainerBase.java:719)
	at org.apache.catalina.core.StandardHost.addChild(StandardHost.java:705)
	at org.apache.catalina.startup.HostConfig.deployDirectory(HostConfig.java:1125)
	at org.apache.catalina.startup.HostConfig$DeployDirectory.run(HostConfig.java:1859)
	at java.base/java.util.concurrent.Executors$RunnableAdapter.call(Executors.java:515)
	at java.base/java.util.concurrent.FutureTask.run(FutureTask.java:264)
	at java.base/java.util.concurrent.ThreadPoolExecutor.runWorker(ThreadPoolExecutor.java:1128)
	at java.base/java.util.concurrent.ThreadPoolExecutor$Worker.run(ThreadPoolExecutor.java:628)
	at java.base/java.lang.Thread.run(Thread.java:829)
java.io.FileNotFoundException: ../models/SQLScripts/event.sql (No such file or directory)
	at java.base/java.io.FileInputStream.open0(Native Method)
	at java.base/java.io.FileInputStream.open(FileInputStream.java:219)
	at java.base/java.io.FileInputStream.<init>(FileInputStream.java:157)
	at java.base/java.io.FileInputStream.<init>(FileInputStream.java:112)
	at java.base/java.io.FileReader.<init>(FileReader.java:60)
	at com.zs.codeDojo.models.config.Config.readScript(Config.java:87)
	at com.zs.codeDojo.models.config.Config.createEvent(Config.java:76)
	at com.zs.codeDojo.models.config.Config.contextInitialized(Config.java:51)
	at org.apache.catalina.core.StandardContext.listenerStart(StandardContext.java:4699)
	at org.apache.catalina.core.StandardContext.startInternal(StandardContext.java:5165)
	at org.apache.catalina.util.LifecycleBase.start(LifecycleBase.java:183)
	at org.apache.catalina.core.ContainerBase.addChildInternal(ContainerBase.java:743)
	at org.apache.catalina.core.ContainerBase.addChild(ContainerBase.java:719)
	at org.apache.catalina.core.StandardHost.addChild(StandardHost.java:705)
	at org.apache.catalina.startup.HostConfig.deployDirectory(HostConfig.java:1125)
	at org.apache.catalina.startup.HostConfig$DeployDirectory.run(HostConfig.java:1859)
	at java.base/java.util.concurrent.Executors$RunnableAdapter.call(Executors.java:515)
	at java.base/java.util.concurrent.FutureTask.run(FutureTask.java:264)
	at java.base/java.util.concurrent.ThreadPoolExecutor.runWorker(ThreadPoolExecutor.java:1128)
	at java.base/java.util.concurrent.ThreadPoolExecutor$Worker.run(ThreadPoolExecutor.java:628)
	at java.base/java.lang.Thread.run(Thread.java:829)
2024-03-12 12:32:42  All configs checked
2024-03-12 12:32:45  SLF4J: No SLF4J providers were found.
2024-03-12 12:32:45  SLF4J: Defaulting to no-operation (NOP) logger implementation
2024-03-12 12:32:45  SLF4J: See https://www.slf4j.org/codes.html#noProviders for further details.
2024-03-12 12:32:45  SLF4J: Class path contains SLF4J bindings targeting slf4j-api versions 1.7.x or earlier.
2024-03-12 12:32:45  SLF4J: Ignoring binding found at [jar:file:/opt/apache/webapps/struts2/WEB-INF/lib/log4j-slf4j-impl-2.20.0.jar!/org/slf4j/impl/StaticLoggerBinder.class]
2024-03-12 12:32:45  SLF4J: See https://www.slf4j.org/codes.html#ignoredBindings for an explanation.
2024-03-12 12:32:52  uvchan
2024-03-12 12:32:52  uvchan123
java.io.FileNotFoundException: ../models/SQLScripts/procedure.sql (No such file or directory)
	at java.base/java.io.FileInputStream.open0(Native Method)
	at java.base/java.io.FileInputStream.open(FileInputStream.java:219)
	at java.base/java.io.FileInputStream.<init>(FileInputStream.java:157)
	at java.base/java.io.FileInputStream.<init>(FileInputStream.java:112)
	at java.base/java.io.FileReader.<init>(FileReader.java:60)
	at com.zs.codeDojo.models.config.Config.readScript(Config.java:87)
	at com.zs.codeDojo.models.config.Config.createProcedure(Config.java:64)
	at com.zs.codeDojo.models.config.Config.contextInitialized(Config.java:50)
	at org.apache.catalina.core.StandardContext.listenerStart(StandardContext.java:4699)
	at org.apache.catalina.core.StandardContext.startInternal(StandardContext.java:5165)
	at org.apache.catalina.util.LifecycleBase.start(LifecycleBase.java:183)
	at org.apache.catalina.core.ContainerBase.addChildInternal(ContainerBase.java:743)
	at org.apache.catalina.core.ContainerBase.addChild(ContainerBase.java:719)
	at org.apache.catalina.core.StandardHost.addChild(StandardHost.java:705)
	at org.apache.catalina.startup.HostConfig.deployDirectory(HostConfig.java:1125)
	at org.apache.catalina.startup.HostConfig$DeployDirectory.run(HostConfig.java:1859)
	at java.base/java.util.concurrent.Executors$RunnableAdapter.call(Executors.java:515)
	at java.base/java.util.concurrent.FutureTask.run(FutureTask.java:264)
	at java.base/java.util.concurrent.ThreadPoolExecutor.runWorker(ThreadPoolExecutor.java:1128)
	at java.base/java.util.concurrent.ThreadPoolExecutor$Worker.run(ThreadPoolExecutor.java:628)
	at java.base/java.lang.Thread.run(Thread.java:829)
java.io.FileNotFoundException: ../models/SQLScripts/event.sql (No such file or directory)
	at java.base/java.io.FileInputStream.open0(Native Method)
	at java.base/java.io.FileInputStream.open(FileInputStream.java:219)
	at java.base/java.io.FileInputStream.<init>(FileInputStream.java:157)
	at java.base/java.io.FileInputStream.<init>(FileInputStream.java:112)
	at java.base/java.io.FileReader.<init>(FileReader.java:60)
	at com.zs.codeDojo.models.config.Config.readScript(Config.java:87)
	at com.zs.codeDojo.models.config.Config.createEvent(Config.java:76)
	at com.zs.codeDojo.models.config.Config.contextInitialized(Config.java:51)
	at org.apache.catalina.core.StandardContext.listenerStart(StandardContext.java:4699)
	at org.apache.catalina.core.StandardContext.startInternal(StandardContext.java:5165)
	at org.apache.catalina.util.LifecycleBase.start(LifecycleBase.java:183)
	at org.apache.catalina.core.ContainerBase.addChildInternal(ContainerBase.java:743)
	at org.apache.catalina.core.ContainerBase.addChild(ContainerBase.java:719)
	at org.apache.catalina.core.StandardHost.addChild(StandardHost.java:705)
	at org.apache.catalina.startup.HostConfig.deployDirectory(HostConfig.java:1125)
	at org.apache.catalina.startup.HostConfig$DeployDirectory.run(HostConfig.java:1859)
	at java.base/java.util.concurrent.Executors$RunnableAdapter.call(Executors.java:515)
	at java.base/java.util.concurrent.FutureTask.run(FutureTask.java:264)
	at java.base/java.util.concurrent.ThreadPoolExecutor.runWorker(ThreadPoolExecutor.java:1128)
	at java.base/java.util.concurrent.ThreadPoolExecutor$Worker.run(ThreadPoolExecutor.java:628)
	at java.base/java.lang.Thread.run(Thread.java:829)
2024-03-12 12:34:53  All configs checked
2024-03-12 12:34:55  SLF4J: No SLF4J providers were found.
2024-03-12 12:34:55  SLF4J: Defaulting to no-operation (NOP) logger implementation
2024-03-12 12:34:55  SLF4J: See https://www.slf4j.org/codes.html#noProviders for further details.
2024-03-12 12:34:55  SLF4J: Class path contains SLF4J bindings targeting slf4j-api versions 1.7.x or earlier.
2024-03-12 12:34:55  SLF4J: Ignoring binding found at [jar:file:/opt/apache/webapps/struts2/WEB-INF/lib/log4j-slf4j-impl-2.20.0.jar!/org/slf4j/impl/StaticLoggerBinder.class]
2024-03-12 12:34:55  SLF4J: See https://www.slf4j.org/codes.html#ignoredBindings for an explanation.
2024-03-12 12:35:06  uvchan
2024-03-12 12:35:06  uvchan123
java.io.FileNotFoundException: ../models/SQLScripts/procedure.sql (No such file or directory)
	at java.base/java.io.FileInputStream.open0(Native Method)
	at java.base/java.io.FileInputStream.open(FileInputStream.java:219)
	at java.base/java.io.FileInputStream.<init>(FileInputStream.java:157)
	at java.base/java.io.FileInputStream.<init>(FileInputStream.java:112)
	at java.base/java.io.FileReader.<init>(FileReader.java:60)
	at com.zs.codeDojo.models.config.Config.readScript(Config.java:87)
	at com.zs.codeDojo.models.config.Config.createProcedure(Config.java:64)
	at com.zs.codeDojo.models.config.Config.contextInitialized(Config.java:50)
	at org.apache.catalina.core.StandardContext.listenerStart(StandardContext.java:4699)
	at org.apache.catalina.core.StandardContext.startInternal(StandardContext.java:5165)
	at org.apache.catalina.util.LifecycleBase.start(LifecycleBase.java:183)
	at org.apache.catalina.core.ContainerBase.addChildInternal(ContainerBase.java:743)
	at org.apache.catalina.core.ContainerBase.addChild(ContainerBase.java:719)
	at org.apache.catalina.core.StandardHost.addChild(StandardHost.java:705)
	at org.apache.catalina.startup.HostConfig.deployDirectory(HostConfig.java:1125)
	at org.apache.catalina.startup.HostConfig$DeployDirectory.run(HostConfig.java:1859)
	at java.base/java.util.concurrent.Executors$RunnableAdapter.call(Executors.java:515)
	at java.base/java.util.concurrent.FutureTask.run(FutureTask.java:264)
	at java.base/java.util.concurrent.ThreadPoolExecutor.runWorker(ThreadPoolExecutor.java:1128)
	at java.base/java.util.concurrent.ThreadPoolExecutor$Worker.run(ThreadPoolExecutor.java:628)
	at java.base/java.lang.Thread.run(Thread.java:829)
java.io.FileNotFoundException: ../models/SQLScripts/event.sql (No such file or directory)
	at java.base/java.io.FileInputStream.open0(Native Method)
	at java.base/java.io.FileInputStream.open(FileInputStream.java:219)
	at java.base/java.io.FileInputStream.<init>(FileInputStream.java:157)
	at java.base/java.io.FileInputStream.<init>(FileInputStream.java:112)
	at java.base/java.io.FileReader.<init>(FileReader.java:60)
	at com.zs.codeDojo.models.config.Config.readScript(Config.java:87)
	at com.zs.codeDojo.models.config.Config.createEvent(Config.java:76)
	at com.zs.codeDojo.models.config.Config.contextInitialized(Config.java:51)
	at org.apache.catalina.core.StandardContext.listenerStart(StandardContext.java:4699)
	at org.apache.catalina.core.StandardContext.startInternal(StandardContext.java:5165)
	at org.apache.catalina.util.LifecycleBase.start(LifecycleBase.java:183)
	at org.apache.catalina.core.ContainerBase.addChildInternal(ContainerBase.java:743)
	at org.apache.catalina.core.ContainerBase.addChild(ContainerBase.java:719)
	at org.apache.catalina.core.StandardHost.addChild(StandardHost.java:705)
	at org.apache.catalina.startup.HostConfig.deployDirectory(HostConfig.java:1125)
	at org.apache.catalina.startup.HostConfig$DeployDirectory.run(HostConfig.java:1859)
	at java.base/java.util.concurrent.Executors$RunnableAdapter.call(Executors.java:515)
	at java.base/java.util.concurrent.FutureTask.run(FutureTask.java:264)
	at java.base/java.util.concurrent.ThreadPoolExecutor.runWorker(ThreadPoolExecutor.java:1128)
	at java.base/java.util.concurrent.ThreadPoolExecutor$Worker.run(ThreadPoolExecutor.java:628)
	at java.base/java.lang.Thread.run(Thread.java:829)
2024-03-12 12:38:03  All configs checked
2024-03-12 12:38:05  SLF4J: No SLF4J providers were found.
2024-03-12 12:38:05  SLF4J: Defaulting to no-operation (NOP) logger implementation
2024-03-12 12:38:05  SLF4J: See https://www.slf4j.org/codes.html#noProviders for further details.
2024-03-12 12:38:05  SLF4J: Class path contains SLF4J bindings targeting slf4j-api versions 1.7.x or earlier.
2024-03-12 12:38:05  SLF4J: Ignoring binding found at [jar:file:/opt/apache/webapps/struts2/WEB-INF/lib/log4j-slf4j-impl-2.20.0.jar!/org/slf4j/impl/StaticLoggerBinder.class]
2024-03-12 12:38:05  SLF4J: See https://www.slf4j.org/codes.html#ignoredBindings for an explanation.
2024-03-12 12:38:12  uvchan
2024-03-12 12:38:12  uvchan123
java.lang.NullPointerException
	at com.zs.codeDojo.models.DAO.DBModule.getCurrentLevel(DBModule.java:1159)
	at com.zs.codeDojo.controllers.main.CheckQuestion.doPost(CheckQuestion.java:107)
	at javax.servlet.http.HttpServlet.service(HttpServlet.java:660)
	at javax.servlet.http.HttpServlet.service(HttpServlet.java:741)
	at org.apache.catalina.core.ApplicationFilterChain.internalDoFilter(ApplicationFilterChain.java:231)
	at org.apache.catalina.core.ApplicationFilterChain.doFilter(ApplicationFilterChain.java:166)
	at org.apache.tomcat.websocket.server.WsFilter.doFilter(WsFilter.java:52)
	at org.apache.catalina.core.ApplicationFilterChain.internalDoFilter(ApplicationFilterChain.java:193)
	at org.apache.catalina.core.ApplicationFilterChain.doFilter(ApplicationFilterChain.java:166)
	at com.zs.codeDojo.controllers.filters.ActionServlet.doFilter(ActionServlet.java:100)
	at org.apache.catalina.core.ApplicationFilterChain.internalDoFilter(ApplicationFilterChain.java:193)
	at org.apache.catalina.core.ApplicationFilterChain.doFilter(ApplicationFilterChain.java:166)
	at com.zs.codeDojo.controllers.filters.CheckSession.doFilter(CheckSession.java:39)
	at org.apache.catalina.core.ApplicationFilterChain.internalDoFilter(ApplicationFilterChain.java:193)
	at org.apache.catalina.core.ApplicationFilterChain.doFilter(ApplicationFilterChain.java:166)
	at org.apache.catalina.core.StandardWrapperValve.invoke(StandardWrapperValve.java:199)
	at org.apache.catalina.core.StandardContextValve.invoke(StandardContextValve.java:96)
	at org.apache.catalina.authenticator.AuthenticatorBase.invoke(AuthenticatorBase.java:543)
	at org.apache.catalina.core.StandardHostValve.invoke(StandardHostValve.java:139)
	at org.apache.catalina.valves.ErrorReportValve.invoke(ErrorReportValve.java:81)
	at org.apache.catalina.valves.AbstractAccessLogValve.invoke(AbstractAccessLogValve.java:678)
	at org.apache.catalina.core.StandardEngineValve.invoke(StandardEngineValve.java:87)
	at org.apache.catalina.connector.CoyoteAdapter.service(CoyoteAdapter.java:343)
	at org.apache.coyote.http11.Http11Processor.service(Http11Processor.java:609)
	at org.apache.coyote.AbstractProcessorLight.process(AbstractProcessorLight.java:65)
	at org.apache.coyote.AbstractProtocol$ConnectionHandler.process(AbstractProtocol.java:810)
	at org.apache.tomcat.util.net.NioEndpoint$SocketProcessor.doRun(NioEndpoint.java:1623)
	at org.apache.tomcat.util.net.SocketProcessorBase.run(SocketProcessorBase.java:49)
	at java.base/java.util.concurrent.ThreadPoolExecutor.runWorker(ThreadPoolExecutor.java:1128)
	at java.base/java.util.concurrent.ThreadPoolExecutor$Worker.run(ThreadPoolExecutor.java:628)
	at org.apache.tomcat.util.threads.TaskThread$WrappingRunnable.run(TaskThread.java:61)
	at java.base/java.lang.Thread.run(Thread.java:829)
java.lang.NullPointerException
	at com.zs.codeDojo.models.DAO.DBModule.getCurrentLevel(DBModule.java:1159)
	at com.zs.codeDojo.controllers.main.CheckQuestion.doPost(CheckQuestion.java:107)
	at javax.servlet.http.HttpServlet.service(HttpServlet.java:660)
	at javax.servlet.http.HttpServlet.service(HttpServlet.java:741)
	at org.apache.catalina.core.ApplicationFilterChain.internalDoFilter(ApplicationFilterChain.java:231)
	at org.apache.catalina.core.ApplicationFilterChain.doFilter(ApplicationFilterChain.java:166)
	at org.apache.tomcat.websocket.server.WsFilter.doFilter(WsFilter.java:52)
	at org.apache.catalina.core.ApplicationFilterChain.internalDoFilter(ApplicationFilterChain.java:193)
	at org.apache.catalina.core.ApplicationFilterChain.doFilter(ApplicationFilterChain.java:166)
	at com.zs.codeDojo.controllers.filters.ActionServlet.doFilter(ActionServlet.java:100)
	at org.apache.catalina.core.ApplicationFilterChain.internalDoFilter(ApplicationFilterChain.java:193)
	at org.apache.catalina.core.ApplicationFilterChain.doFilter(ApplicationFilterChain.java:166)
	at com.zs.codeDojo.controllers.filters.CheckSession.doFilter(CheckSession.java:39)
	at org.apache.catalina.core.ApplicationFilterChain.internalDoFilter(ApplicationFilterChain.java:193)
	at org.apache.catalina.core.ApplicationFilterChain.doFilter(ApplicationFilterChain.java:166)
	at org.apache.catalina.core.StandardWrapperValve.invoke(StandardWrapperValve.java:199)
	at org.apache.catalina.core.StandardContextValve.invoke(StandardContextValve.java:96)
	at org.apache.catalina.authenticator.AuthenticatorBase.invoke(AuthenticatorBase.java:543)
	at org.apache.catalina.core.StandardHostValve.invoke(StandardHostValve.java:139)
	at org.apache.catalina.valves.ErrorReportValve.invoke(ErrorReportValve.java:81)
	at org.apache.catalina.valves.AbstractAccessLogValve.invoke(AbstractAccessLogValve.java:678)
	at org.apache.catalina.core.StandardEngineValve.invoke(StandardEngineValve.java:87)
	at org.apache.catalina.connector.CoyoteAdapter.service(CoyoteAdapter.java:343)
	at org.apache.coyote.http11.Http11Processor.service(Http11Processor.java:609)
	at org.apache.coyote.AbstractProcessorLight.process(AbstractProcessorLight.java:65)
	at org.apache.coyote.AbstractProtocol$ConnectionHandler.process(AbstractProtocol.java:810)
	at org.apache.tomcat.util.net.NioEndpoint$SocketProcessor.doRun(NioEndpoint.java:1623)
	at org.apache.tomcat.util.net.SocketProcessorBase.run(SocketProcessorBase.java:49)
	at java.base/java.util.concurrent.ThreadPoolExecutor.runWorker(ThreadPoolExecutor.java:1128)
	at java.base/java.util.concurrent.ThreadPoolExecutor$Worker.run(ThreadPoolExecutor.java:628)
	at org.apache.tomcat.util.threads.TaskThread$WrappingRunnable.run(TaskThread.java:61)
	at java.base/java.lang.Thread.run(Thread.java:829)
java.io.FileNotFoundException: ../models/SQLScripts/procedure.sql (No such file or directory)
	at java.base/java.io.FileInputStream.open0(Native Method)
	at java.base/java.io.FileInputStream.open(FileInputStream.java:219)
	at java.base/java.io.FileInputStream.<init>(FileInputStream.java:157)
	at java.base/java.io.FileInputStream.<init>(FileInputStream.java:112)
	at java.base/java.io.FileReader.<init>(FileReader.java:60)
	at com.zs.codeDojo.models.config.Config.readScript(Config.java:87)
	at com.zs.codeDojo.models.config.Config.createProcedure(Config.java:64)
	at com.zs.codeDojo.models.config.Config.contextInitialized(Config.java:50)
	at org.apache.catalina.core.StandardContext.listenerStart(StandardContext.java:4699)
	at org.apache.catalina.core.StandardContext.startInternal(StandardContext.java:5165)
	at org.apache.catalina.util.LifecycleBase.start(LifecycleBase.java:183)
	at org.apache.catalina.core.ContainerBase.addChildInternal(ContainerBase.java:743)
	at org.apache.catalina.core.ContainerBase.addChild(ContainerBase.java:719)
	at org.apache.catalina.core.StandardHost.addChild(StandardHost.java:705)
	at org.apache.catalina.startup.HostConfig.deployDirectory(HostConfig.java:1125)
	at org.apache.catalina.startup.HostConfig$DeployDirectory.run(HostConfig.java:1859)
	at java.base/java.util.concurrent.Executors$RunnableAdapter.call(Executors.java:515)
	at java.base/java.util.concurrent.FutureTask.run(FutureTask.java:264)
	at java.base/java.util.concurrent.ThreadPoolExecutor.runWorker(ThreadPoolExecutor.java:1128)
	at java.base/java.util.concurrent.ThreadPoolExecutor$Worker.run(ThreadPoolExecutor.java:628)
	at java.base/java.lang.Thread.run(Thread.java:829)
java.io.FileNotFoundException: ../models/SQLScripts/event.sql (No such file or directory)
	at java.base/java.io.FileInputStream.open0(Native Method)
	at java.base/java.io.FileInputStream.open(FileInputStream.java:219)
	at java.base/java.io.FileInputStream.<init>(FileInputStream.java:157)
	at java.base/java.io.FileInputStream.<init>(FileInputStream.java:112)
	at java.base/java.io.FileReader.<init>(FileReader.java:60)
	at com.zs.codeDojo.models.config.Config.readScript(Config.java:87)
	at com.zs.codeDojo.models.config.Config.createEvent(Config.java:76)
	at com.zs.codeDojo.models.config.Config.contextInitialized(Config.java:51)
	at org.apache.catalina.core.StandardContext.listenerStart(StandardContext.java:4699)
	at org.apache.catalina.core.StandardContext.startInternal(StandardContext.java:5165)
	at org.apache.catalina.util.LifecycleBase.start(LifecycleBase.java:183)
	at org.apache.catalina.core.ContainerBase.addChildInternal(ContainerBase.java:743)
	at org.apache.catalina.core.ContainerBase.addChild(ContainerBase.java:719)
	at org.apache.catalina.core.StandardHost.addChild(StandardHost.java:705)
	at org.apache.catalina.startup.HostConfig.deployDirectory(HostConfig.java:1125)
	at org.apache.catalina.startup.HostConfig$DeployDirectory.run(HostConfig.java:1859)
	at java.base/java.util.concurrent.Executors$RunnableAdapter.call(Executors.java:515)
	at java.base/java.util.concurrent.FutureTask.run(FutureTask.java:264)
	at java.base/java.util.concurrent.ThreadPoolExecutor.runWorker(ThreadPoolExecutor.java:1128)
	at java.base/java.util.concurrent.ThreadPoolExecutor$Worker.run(ThreadPoolExecutor.java:628)
	at java.base/java.lang.Thread.run(Thread.java:829)
2024-03-12 12:40:04  All configs checked
2024-03-12 12:40:07  SLF4J: No SLF4J providers were found.
2024-03-12 12:40:07  SLF4J: Defaulting to no-operation (NOP) logger implementation
2024-03-12 12:40:07  SLF4J: See https://www.slf4j.org/codes.html#noProviders for further details.
2024-03-12 12:40:07  SLF4J: Class path contains SLF4J bindings targeting slf4j-api versions 1.7.x or earlier.
2024-03-12 12:40:07  SLF4J: Ignoring binding found at [jar:file:/opt/apache/webapps/struts2/WEB-INF/lib/log4j-slf4j-impl-2.20.0.jar!/org/slf4j/impl/StaticLoggerBinder.class]
2024-03-12 12:40:07  SLF4J: See https://www.slf4j.org/codes.html#ignoredBindings for an explanation.
java.io.FileNotFoundException: ../models/SQLScripts/procedure.sql (No such file or directory)
	at java.base/java.io.FileInputStream.open0(Native Method)
	at java.base/java.io.FileInputStream.open(FileInputStream.java:219)
	at java.base/java.io.FileInputStream.<init>(FileInputStream.java:157)
	at java.base/java.io.FileInputStream.<init>(FileInputStream.java:112)
	at java.base/java.io.FileReader.<init>(FileReader.java:60)
	at com.zs.codeDojo.models.config.Config.readScript(Config.java:87)
	at com.zs.codeDojo.models.config.Config.createProcedure(Config.java:64)
	at com.zs.codeDojo.models.config.Config.contextInitialized(Config.java:50)
	at org.apache.catalina.core.StandardContext.listenerStart(StandardContext.java:4699)
	at org.apache.catalina.core.StandardContext.startInternal(StandardContext.java:5165)
	at org.apache.catalina.util.LifecycleBase.start(LifecycleBase.java:183)
	at org.apache.catalina.core.ContainerBase.addChildInternal(ContainerBase.java:743)
	at org.apache.catalina.core.ContainerBase.addChild(ContainerBase.java:719)
	at org.apache.catalina.core.StandardHost.addChild(StandardHost.java:705)
	at org.apache.catalina.startup.HostConfig.deployDirectory(HostConfig.java:1125)
	at org.apache.catalina.startup.HostConfig$DeployDirectory.run(HostConfig.java:1859)
	at java.base/java.util.concurrent.Executors$RunnableAdapter.call(Executors.java:515)
	at java.base/java.util.concurrent.FutureTask.run(FutureTask.java:264)
	at java.base/java.util.concurrent.ThreadPoolExecutor.runWorker(ThreadPoolExecutor.java:1128)
	at java.base/java.util.concurrent.ThreadPoolExecutor$Worker.run(ThreadPoolExecutor.java:628)
	at java.base/java.lang.Thread.run(Thread.java:829)
java.io.FileNotFoundException: ../models/SQLScripts/event.sql (No such file or directory)
	at java.base/java.io.FileInputStream.open0(Native Method)
	at java.base/java.io.FileInputStream.open(FileInputStream.java:219)
	at java.base/java.io.FileInputStream.<init>(FileInputStream.java:157)
	at java.base/java.io.FileInputStream.<init>(FileInputStream.java:112)
	at java.base/java.io.FileReader.<init>(FileReader.java:60)
	at com.zs.codeDojo.models.config.Config.readScript(Config.java:87)
	at com.zs.codeDojo.models.config.Config.createEvent(Config.java:76)
	at com.zs.codeDojo.models.config.Config.contextInitialized(Config.java:51)
	at org.apache.catalina.core.StandardContext.listenerStart(StandardContext.java:4699)
	at org.apache.catalina.core.StandardContext.startInternal(StandardContext.java:5165)
	at org.apache.catalina.util.LifecycleBase.start(LifecycleBase.java:183)
	at org.apache.catalina.core.ContainerBase.addChildInternal(ContainerBase.java:743)
	at org.apache.catalina.core.ContainerBase.addChild(ContainerBase.java:719)
	at org.apache.catalina.core.StandardHost.addChild(StandardHost.java:705)
	at org.apache.catalina.startup.HostConfig.deployDirectory(HostConfig.java:1125)
	at org.apache.catalina.startup.HostConfig$DeployDirectory.run(HostConfig.java:1859)
	at java.base/java.util.concurrent.Executors$RunnableAdapter.call(Executors.java:515)
	at java.base/java.util.concurrent.FutureTask.run(FutureTask.java:264)
	at java.base/java.util.concurrent.ThreadPoolExecutor.runWorker(ThreadPoolExecutor.java:1128)
	at java.base/java.util.concurrent.ThreadPoolExecutor$Worker.run(ThreadPoolExecutor.java:628)
	at java.base/java.lang.Thread.run(Thread.java:829)
2024-03-12 12:40:09  All configs checked
2024-03-12 12:40:12  SLF4J: No SLF4J providers were found.
2024-03-12 12:40:12  SLF4J: Defaulting to no-operation (NOP) logger implementation
2024-03-12 12:40:12  SLF4J: See https://www.slf4j.org/codes.html#noProviders for further details.
2024-03-12 12:40:12  SLF4J: Class path contains SLF4J bindings targeting slf4j-api versions 1.7.x or earlier.
2024-03-12 12:40:12  SLF4J: Ignoring binding found at [jar:file:/opt/apache/webapps/struts2/WEB-INF/lib/log4j-slf4j-impl-2.20.0.jar!/org/slf4j/impl/StaticLoggerBinder.class]
2024-03-12 12:40:12  SLF4J: See https://www.slf4j.org/codes.html#ignoredBindings for an explanation.
java.io.FileNotFoundException: ../models/SQLScripts/procedure.sql (No such file or directory)
	at java.base/java.io.FileInputStream.open0(Native Method)
	at java.base/java.io.FileInputStream.open(FileInputStream.java:219)
	at java.base/java.io.FileInputStream.<init>(FileInputStream.java:157)
	at java.base/java.io.FileInputStream.<init>(FileInputStream.java:112)
	at java.base/java.io.FileReader.<init>(FileReader.java:60)
	at com.zs.codeDojo.models.config.Config.readScript(Config.java:87)
	at com.zs.codeDojo.models.config.Config.createProcedure(Config.java:64)
	at com.zs.codeDojo.models.config.Config.contextInitialized(Config.java:50)
	at org.apache.catalina.core.StandardContext.listenerStart(StandardContext.java:4699)
	at org.apache.catalina.core.StandardContext.startInternal(StandardContext.java:5165)
	at org.apache.catalina.util.LifecycleBase.start(LifecycleBase.java:183)
	at org.apache.catalina.core.ContainerBase.addChildInternal(ContainerBase.java:743)
	at org.apache.catalina.core.ContainerBase.addChild(ContainerBase.java:719)
	at org.apache.catalina.core.StandardHost.addChild(StandardHost.java:705)
	at org.apache.catalina.startup.HostConfig.deployDirectory(HostConfig.java:1125)
	at org.apache.catalina.startup.HostConfig$DeployDirectory.run(HostConfig.java:1859)
	at java.base/java.util.concurrent.Executors$RunnableAdapter.call(Executors.java:515)
	at java.base/java.util.concurrent.FutureTask.run(FutureTask.java:264)
	at java.base/java.util.concurrent.ThreadPoolExecutor.runWorker(ThreadPoolExecutor.java:1128)
	at java.base/java.util.concurrent.ThreadPoolExecutor$Worker.run(ThreadPoolExecutor.java:628)
	at java.base/java.lang.Thread.run(Thread.java:829)
java.io.FileNotFoundException: ../models/SQLScripts/event.sql (No such file or directory)
	at java.base/java.io.FileInputStream.open0(Native Method)
	at java.base/java.io.FileInputStream.open(FileInputStream.java:219)
	at java.base/java.io.FileInputStream.<init>(FileInputStream.java:157)
	at java.base/java.io.FileInputStream.<init>(FileInputStream.java:112)
	at java.base/java.io.FileReader.<init>(FileReader.java:60)
	at com.zs.codeDojo.models.config.Config.readScript(Config.java:87)
	at com.zs.codeDojo.models.config.Config.createEvent(Config.java:76)
	at com.zs.codeDojo.models.config.Config.contextInitialized(Config.java:51)
	at org.apache.catalina.core.StandardContext.listenerStart(StandardContext.java:4699)
	at org.apache.catalina.core.StandardContext.startInternal(StandardContext.java:5165)
	at org.apache.catalina.util.LifecycleBase.start(LifecycleBase.java:183)
	at org.apache.catalina.core.ContainerBase.addChildInternal(ContainerBase.java:743)
	at org.apache.catalina.core.ContainerBase.addChild(ContainerBase.java:719)
	at org.apache.catalina.core.StandardHost.addChild(StandardHost.java:705)
	at org.apache.catalina.startup.HostConfig.deployDirectory(HostConfig.java:1125)
	at org.apache.catalina.startup.HostConfig$DeployDirectory.run(HostConfig.java:1859)
	at java.base/java.util.concurrent.Executors$RunnableAdapter.call(Executors.java:515)
	at java.base/java.util.concurrent.FutureTask.run(FutureTask.java:264)
	at java.base/java.util.concurrent.ThreadPoolExecutor.runWorker(ThreadPoolExecutor.java:1128)
	at java.base/java.util.concurrent.ThreadPoolExecutor$Worker.run(ThreadPoolExecutor.java:628)
	at java.base/java.lang.Thread.run(Thread.java:829)
2024-03-12 12:40:25  All configs checked
2024-03-12 12:40:28  SLF4J: No SLF4J providers were found.
2024-03-12 12:40:28  SLF4J: Defaulting to no-operation (NOP) logger implementation
2024-03-12 12:40:28  SLF4J: See https://www.slf4j.org/codes.html#noProviders for further details.
2024-03-12 12:40:28  SLF4J: Class path contains SLF4J bindings targeting slf4j-api versions 1.7.x or earlier.
2024-03-12 12:40:28  SLF4J: Ignoring binding found at [jar:file:/opt/apache/webapps/struts2/WEB-INF/lib/log4j-slf4j-impl-2.20.0.jar!/org/slf4j/impl/StaticLoggerBinder.class]
2024-03-12 12:40:28  SLF4J: See https://www.slf4j.org/codes.html#ignoredBindings for an explanation.
2024-03-12 12:40:35  uvchan
2024-03-12 12:40:35  uvchan123
2024-03-12 12:41:56  uvchan
2024-03-12 12:41:56  uvchan123
2024-03-12 12:44:05  uvchan
2024-03-12 12:44:05  uvchan123
2024-03-12 12:52:08  uvchan
2024-03-12 12:52:08  uvchan123
2024-03-12 01:09:48  uvchan
2024-03-12 01:09:48  uvchan123
java.io.FileNotFoundException: ../models/SQLScripts/procedure.sql (No such file or directory)
	at java.base/java.io.FileInputStream.open0(Native Method)
	at java.base/java.io.FileInputStream.open(FileInputStream.java:219)
	at java.base/java.io.FileInputStream.<init>(FileInputStream.java:157)
	at java.base/java.io.FileInputStream.<init>(FileInputStream.java:112)
	at java.base/java.io.FileReader.<init>(FileReader.java:60)
	at com.zs.codeDojo.models.config.Config.readScript(Config.java:87)
	at com.zs.codeDojo.models.config.Config.createProcedure(Config.java:64)
	at com.zs.codeDojo.models.config.Config.contextInitialized(Config.java:50)
	at org.apache.catalina.core.StandardContext.listenerStart(StandardContext.java:4699)
	at org.apache.catalina.core.StandardContext.startInternal(StandardContext.java:5165)
	at org.apache.catalina.util.LifecycleBase.start(LifecycleBase.java:183)
	at org.apache.catalina.core.ContainerBase.addChildInternal(ContainerBase.java:743)
	at org.apache.catalina.core.ContainerBase.addChild(ContainerBase.java:719)
	at org.apache.catalina.core.StandardHost.addChild(StandardHost.java:705)
	at org.apache.catalina.startup.HostConfig.deployDirectory(HostConfig.java:1125)
	at org.apache.catalina.startup.HostConfig$DeployDirectory.run(HostConfig.java:1859)
	at java.base/java.util.concurrent.Executors$RunnableAdapter.call(Executors.java:515)
	at java.base/java.util.concurrent.FutureTask.run(FutureTask.java:264)
	at java.base/java.util.concurrent.ThreadPoolExecutor.runWorker(ThreadPoolExecutor.java:1128)
	at java.base/java.util.concurrent.ThreadPoolExecutor$Worker.run(ThreadPoolExecutor.java:628)
	at java.base/java.lang.Thread.run(Thread.java:829)
java.io.FileNotFoundException: ../models/SQLScripts/event.sql (No such file or directory)
	at java.base/java.io.FileInputStream.open0(Native Method)
	at java.base/java.io.FileInputStream.open(FileInputStream.java:219)
	at java.base/java.io.FileInputStream.<init>(FileInputStream.java:157)
	at java.base/java.io.FileInputStream.<init>(FileInputStream.java:112)
	at java.base/java.io.FileReader.<init>(FileReader.java:60)
	at com.zs.codeDojo.models.config.Config.readScript(Config.java:87)
	at com.zs.codeDojo.models.config.Config.createEvent(Config.java:76)
	at com.zs.codeDojo.models.config.Config.contextInitialized(Config.java:51)
	at org.apache.catalina.core.StandardContext.listenerStart(StandardContext.java:4699)
	at org.apache.catalina.core.StandardContext.startInternal(StandardContext.java:5165)
	at org.apache.catalina.util.LifecycleBase.start(LifecycleBase.java:183)
	at org.apache.catalina.core.ContainerBase.addChildInternal(ContainerBase.java:743)
	at org.apache.catalina.core.ContainerBase.addChild(ContainerBase.java:719)
	at org.apache.catalina.core.StandardHost.addChild(StandardHost.java:705)
	at org.apache.catalina.startup.HostConfig.deployDirectory(HostConfig.java:1125)
	at org.apache.catalina.startup.HostConfig$DeployDirectory.run(HostConfig.java:1859)
	at java.base/java.util.concurrent.Executors$RunnableAdapter.call(Executors.java:515)
	at java.base/java.util.concurrent.FutureTask.run(FutureTask.java:264)
	at java.base/java.util.concurrent.ThreadPoolExecutor.runWorker(ThreadPoolExecutor.java:1128)
	at java.base/java.util.concurrent.ThreadPoolExecutor$Worker.run(ThreadPoolExecutor.java:628)
	at java.base/java.lang.Thread.run(Thread.java:829)
2024-03-12 01:18:25  All configs checked
2024-03-12 01:18:27  SLF4J: No SLF4J providers were found.
2024-03-12 01:18:27  SLF4J: Defaulting to no-operation (NOP) logger implementation
2024-03-12 01:18:27  SLF4J: See https://www.slf4j.org/codes.html#noProviders for further details.
2024-03-12 01:18:27  SLF4J: Class path contains SLF4J bindings targeting slf4j-api versions 1.7.x or earlier.
2024-03-12 01:18:27  SLF4J: Ignoring binding found at [jar:file:/opt/apache/webapps/struts2/WEB-INF/lib/log4j-slf4j-impl-2.20.0.jar!/org/slf4j/impl/StaticLoggerBinder.class]
2024-03-12 01:18:27  SLF4J: See https://www.slf4j.org/codes.html#ignoredBindings for an explanation.
2024-03-12 01:18:35  uvchan
2024-03-12 01:18:35  uvchan123
java.io.FileNotFoundException: ../models/SQLScripts/procedure.sql (No such file or directory)
	at java.base/java.io.FileInputStream.open0(Native Method)
	at java.base/java.io.FileInputStream.open(FileInputStream.java:219)
	at java.base/java.io.FileInputStream.<init>(FileInputStream.java:157)
	at java.base/java.io.FileInputStream.<init>(FileInputStream.java:112)
	at java.base/java.io.FileReader.<init>(FileReader.java:60)
	at com.zs.codeDojo.models.config.Config.readScript(Config.java:87)
	at com.zs.codeDojo.models.config.Config.createProcedure(Config.java:64)
	at com.zs.codeDojo.models.config.Config.contextInitialized(Config.java:50)
	at org.apache.catalina.core.StandardContext.listenerStart(StandardContext.java:4699)
	at org.apache.catalina.core.StandardContext.startInternal(StandardContext.java:5165)
	at org.apache.catalina.util.LifecycleBase.start(LifecycleBase.java:183)
	at org.apache.catalina.core.ContainerBase.addChildInternal(ContainerBase.java:743)
	at org.apache.catalina.core.ContainerBase.addChild(ContainerBase.java:719)
	at org.apache.catalina.core.StandardHost.addChild(StandardHost.java:705)
	at org.apache.catalina.startup.HostConfig.deployDirectory(HostConfig.java:1125)
	at org.apache.catalina.startup.HostConfig$DeployDirectory.run(HostConfig.java:1859)
	at java.base/java.util.concurrent.Executors$RunnableAdapter.call(Executors.java:515)
	at java.base/java.util.concurrent.FutureTask.run(FutureTask.java:264)
	at java.base/java.util.concurrent.ThreadPoolExecutor.runWorker(ThreadPoolExecutor.java:1128)
	at java.base/java.util.concurrent.ThreadPoolExecutor$Worker.run(ThreadPoolExecutor.java:628)
	at java.base/java.lang.Thread.run(Thread.java:829)
java.io.FileNotFoundException: ../models/SQLScripts/event.sql (No such file or directory)
	at java.base/java.io.FileInputStream.open0(Native Method)
	at java.base/java.io.FileInputStream.open(FileInputStream.java:219)
	at java.base/java.io.FileInputStream.<init>(FileInputStream.java:157)
	at java.base/java.io.FileInputStream.<init>(FileInputStream.java:112)
	at java.base/java.io.FileReader.<init>(FileReader.java:60)
	at com.zs.codeDojo.models.config.Config.readScript(Config.java:87)
	at com.zs.codeDojo.models.config.Config.createEvent(Config.java:76)
	at com.zs.codeDojo.models.config.Config.contextInitialized(Config.java:51)
	at org.apache.catalina.core.StandardContext.listenerStart(StandardContext.java:4699)
	at org.apache.catalina.core.StandardContext.startInternal(StandardContext.java:5165)
	at org.apache.catalina.util.LifecycleBase.start(LifecycleBase.java:183)
	at org.apache.catalina.core.ContainerBase.addChildInternal(ContainerBase.java:743)
	at org.apache.catalina.core.ContainerBase.addChild(ContainerBase.java:719)
	at org.apache.catalina.core.StandardHost.addChild(StandardHost.java:705)
	at org.apache.catalina.startup.HostConfig.deployDirectory(HostConfig.java:1125)
	at org.apache.catalina.startup.HostConfig$DeployDirectory.run(HostConfig.java:1859)
	at java.base/java.util.concurrent.Executors$RunnableAdapter.call(Executors.java:515)
	at java.base/java.util.concurrent.FutureTask.run(FutureTask.java:264)
	at java.base/java.util.concurrent.ThreadPoolExecutor.runWorker(ThreadPoolExecutor.java:1128)
	at java.base/java.util.concurrent.ThreadPoolExecutor$Worker.run(ThreadPoolExecutor.java:628)
	at java.base/java.lang.Thread.run(Thread.java:829)
2024-03-12 01:19:57  All configs checked
2024-03-12 01:19:58  SLF4J: No SLF4J providers were found.
2024-03-12 01:19:58  SLF4J: Defaulting to no-operation (NOP) logger implementation
2024-03-12 01:19:58  SLF4J: See https://www.slf4j.org/codes.html#noProviders for further details.
2024-03-12 01:19:58  SLF4J: Class path contains SLF4J bindings targeting slf4j-api versions 1.7.x or earlier.
2024-03-12 01:19:58  SLF4J: Ignoring binding found at [jar:file:/opt/apache/webapps/struts2/WEB-INF/lib/log4j-slf4j-impl-2.20.0.jar!/org/slf4j/impl/StaticLoggerBinder.class]
2024-03-12 01:19:58  SLF4J: See https://www.slf4j.org/codes.html#ignoredBindings for an explanation.
2024-03-12 01:20:06  uvchan
2024-03-12 01:20:06  uvchan123
java.io.FileNotFoundException: ../models/SQLScripts/procedure.sql (No such file or directory)
	at java.base/java.io.FileInputStream.open0(Native Method)
	at java.base/java.io.FileInputStream.open(FileInputStream.java:219)
	at java.base/java.io.FileInputStream.<init>(FileInputStream.java:157)
	at java.base/java.io.FileInputStream.<init>(FileInputStream.java:112)
	at java.base/java.io.FileReader.<init>(FileReader.java:60)
	at com.zs.codeDojo.models.config.Config.readScript(Config.java:87)
	at com.zs.codeDojo.models.config.Config.createProcedure(Config.java:64)
	at com.zs.codeDojo.models.config.Config.contextInitialized(Config.java:50)
	at org.apache.catalina.core.StandardContext.listenerStart(StandardContext.java:4699)
	at org.apache.catalina.core.StandardContext.startInternal(StandardContext.java:5165)
	at org.apache.catalina.util.LifecycleBase.start(LifecycleBase.java:183)
	at org.apache.catalina.core.ContainerBase.addChildInternal(ContainerBase.java:743)
	at org.apache.catalina.core.ContainerBase.addChild(ContainerBase.java:719)
	at org.apache.catalina.core.StandardHost.addChild(StandardHost.java:705)
	at org.apache.catalina.startup.HostConfig.deployDirectory(HostConfig.java:1125)
	at org.apache.catalina.startup.HostConfig$DeployDirectory.run(HostConfig.java:1859)
	at java.base/java.util.concurrent.Executors$RunnableAdapter.call(Executors.java:515)
	at java.base/java.util.concurrent.FutureTask.run(FutureTask.java:264)
	at java.base/java.util.concurrent.ThreadPoolExecutor.runWorker(ThreadPoolExecutor.java:1128)
	at java.base/java.util.concurrent.ThreadPoolExecutor$Worker.run(ThreadPoolExecutor.java:628)
	at java.base/java.lang.Thread.run(Thread.java:829)
java.io.FileNotFoundException: ../models/SQLScripts/event.sql (No such file or directory)
	at java.base/java.io.FileInputStream.open0(Native Method)
	at java.base/java.io.FileInputStream.open(FileInputStream.java:219)
	at java.base/java.io.FileInputStream.<init>(FileInputStream.java:157)
	at java.base/java.io.FileInputStream.<init>(FileInputStream.java:112)
	at java.base/java.io.FileReader.<init>(FileReader.java:60)
	at com.zs.codeDojo.models.config.Config.readScript(Config.java:87)
	at com.zs.codeDojo.models.config.Config.createEvent(Config.java:76)
	at com.zs.codeDojo.models.config.Config.contextInitialized(Config.java:51)
	at org.apache.catalina.core.StandardContext.listenerStart(StandardContext.java:4699)
	at org.apache.catalina.core.StandardContext.startInternal(StandardContext.java:5165)
	at org.apache.catalina.util.LifecycleBase.start(LifecycleBase.java:183)
	at org.apache.catalina.core.ContainerBase.addChildInternal(ContainerBase.java:743)
	at org.apache.catalina.core.ContainerBase.addChild(ContainerBase.java:719)
	at org.apache.catalina.core.StandardHost.addChild(StandardHost.java:705)
	at org.apache.catalina.startup.HostConfig.deployDirectory(HostConfig.java:1125)
	at org.apache.catalina.startup.HostConfig$DeployDirectory.run(HostConfig.java:1859)
	at java.base/java.util.concurrent.Executors$RunnableAdapter.call(Executors.java:515)
	at java.base/java.util.concurrent.FutureTask.run(FutureTask.java:264)
	at java.base/java.util.concurrent.ThreadPoolExecutor.runWorker(ThreadPoolExecutor.java:1128)
	at java.base/java.util.concurrent.ThreadPoolExecutor$Worker.run(ThreadPoolExecutor.java:628)
	at java.base/java.lang.Thread.run(Thread.java:829)
2024-03-12 01:20:47  All configs checked
2024-03-12 01:20:54  SLF4J: No SLF4J providers were found.
2024-03-12 01:20:54  SLF4J: Defaulting to no-operation (NOP) logger implementation
2024-03-12 01:20:54  SLF4J: See https://www.slf4j.org/codes.html#noProviders for further details.
2024-03-12 01:20:54  SLF4J: Class path contains SLF4J bindings targeting slf4j-api versions 1.7.x or earlier.
2024-03-12 01:20:54  SLF4J: Ignoring binding found at [jar:file:/opt/apache/webapps/struts2/WEB-INF/lib/log4j-slf4j-impl-2.20.0.jar!/org/slf4j/impl/StaticLoggerBinder.class]
2024-03-12 01:20:54  SLF4J: See https://www.slf4j.org/codes.html#ignoredBindings for an explanation.
2024-03-12 01:21:01  uvchan
2024-03-12 01:21:01  uvchan123
2024-03-12 02:17:24  uvchan
2024-03-12 02:17:24  uvchan123
java.io.FileNotFoundException: ../models/SQLScripts/procedure.sql (No such file or directory)
	at java.base/java.io.FileInputStream.open0(Native Method)
	at java.base/java.io.FileInputStream.open(FileInputStream.java:219)
	at java.base/java.io.FileInputStream.<init>(FileInputStream.java:157)
	at java.base/java.io.FileInputStream.<init>(FileInputStream.java:112)
	at java.base/java.io.FileReader.<init>(FileReader.java:60)
	at com.zs.codeDojo.models.config.Config.readScript(Config.java:87)
	at com.zs.codeDojo.models.config.Config.createProcedure(Config.java:64)
	at com.zs.codeDojo.models.config.Config.contextInitialized(Config.java:50)
	at org.apache.catalina.core.StandardContext.listenerStart(StandardContext.java:4699)
	at org.apache.catalina.core.StandardContext.startInternal(StandardContext.java:5165)
	at org.apache.catalina.util.LifecycleBase.start(LifecycleBase.java:183)
	at org.apache.catalina.core.ContainerBase.addChildInternal(ContainerBase.java:743)
	at org.apache.catalina.core.ContainerBase.addChild(ContainerBase.java:719)
	at org.apache.catalina.core.StandardHost.addChild(StandardHost.java:705)
	at org.apache.catalina.startup.HostConfig.deployDirectory(HostConfig.java:1125)
	at org.apache.catalina.startup.HostConfig$DeployDirectory.run(HostConfig.java:1859)
	at java.base/java.util.concurrent.Executors$RunnableAdapter.call(Executors.java:515)
	at java.base/java.util.concurrent.FutureTask.run(FutureTask.java:264)
	at java.base/java.util.concurrent.ThreadPoolExecutor.runWorker(ThreadPoolExecutor.java:1128)
	at java.base/java.util.concurrent.ThreadPoolExecutor$Worker.run(ThreadPoolExecutor.java:628)
	at java.base/java.lang.Thread.run(Thread.java:829)
java.io.FileNotFoundException: ../models/SQLScripts/event.sql (No such file or directory)
	at java.base/java.io.FileInputStream.open0(Native Method)
	at java.base/java.io.FileInputStream.open(FileInputStream.java:219)
	at java.base/java.io.FileInputStream.<init>(FileInputStream.java:157)
	at java.base/java.io.FileInputStream.<init>(FileInputStream.java:112)
	at java.base/java.io.FileReader.<init>(FileReader.java:60)
	at com.zs.codeDojo.models.config.Config.readScript(Config.java:87)
	at com.zs.codeDojo.models.config.Config.createEvent(Config.java:76)
	at com.zs.codeDojo.models.config.Config.contextInitialized(Config.java:51)
	at org.apache.catalina.core.StandardContext.listenerStart(StandardContext.java:4699)
	at org.apache.catalina.core.StandardContext.startInternal(StandardContext.java:5165)
	at org.apache.catalina.util.LifecycleBase.start(LifecycleBase.java:183)
	at org.apache.catalina.core.ContainerBase.addChildInternal(ContainerBase.java:743)
	at org.apache.catalina.core.ContainerBase.addChild(ContainerBase.java:719)
	at org.apache.catalina.core.StandardHost.addChild(StandardHost.java:705)
	at org.apache.catalina.startup.HostConfig.deployDirectory(HostConfig.java:1125)
	at org.apache.catalina.startup.HostConfig$DeployDirectory.run(HostConfig.java:1859)
	at java.base/java.util.concurrent.Executors$RunnableAdapter.call(Executors.java:515)
	at java.base/java.util.concurrent.FutureTask.run(FutureTask.java:264)
	at java.base/java.util.concurrent.ThreadPoolExecutor.runWorker(ThreadPoolExecutor.java:1128)
	at java.base/java.util.concurrent.ThreadPoolExecutor$Worker.run(ThreadPoolExecutor.java:628)
	at java.base/java.lang.Thread.run(Thread.java:829)
2024-03-12 02:34:01  All configs checked
2024-03-12 02:34:04  SLF4J: No SLF4J providers were found.
2024-03-12 02:34:04  SLF4J: Defaulting to no-operation (NOP) logger implementation
2024-03-12 02:34:04  SLF4J: See https://www.slf4j.org/codes.html#noProviders for further details.
2024-03-12 02:34:04  SLF4J: Class path contains SLF4J bindings targeting slf4j-api versions 1.7.x or earlier.
2024-03-12 02:34:04  SLF4J: Ignoring binding found at [jar:file:/opt/apache/webapps/struts2/WEB-INF/lib/log4j-slf4j-impl-2.20.0.jar!/org/slf4j/impl/StaticLoggerBinder.class]
2024-03-12 02:34:04  SLF4J: See https://www.slf4j.org/codes.html#ignoredBindings for an explanation.
2024-03-12 02:34:12  uvchan
2024-03-12 02:34:12  uvchan123
java.io.FileNotFoundException: ../models/SQLScripts/procedure.sql (No such file or directory)
	at java.base/java.io.FileInputStream.open0(Native Method)
	at java.base/java.io.FileInputStream.open(FileInputStream.java:219)
	at java.base/java.io.FileInputStream.<init>(FileInputStream.java:157)
	at java.base/java.io.FileInputStream.<init>(FileInputStream.java:112)
	at java.base/java.io.FileReader.<init>(FileReader.java:60)
	at com.zs.codeDojo.models.config.Config.readScript(Config.java:87)
	at com.zs.codeDojo.models.config.Config.createProcedure(Config.java:64)
	at com.zs.codeDojo.models.config.Config.contextInitialized(Config.java:50)
	at org.apache.catalina.core.StandardContext.listenerStart(StandardContext.java:4699)
	at org.apache.catalina.core.StandardContext.startInternal(StandardContext.java:5165)
	at org.apache.catalina.util.LifecycleBase.start(LifecycleBase.java:183)
	at org.apache.catalina.core.ContainerBase.addChildInternal(ContainerBase.java:743)
	at org.apache.catalina.core.ContainerBase.addChild(ContainerBase.java:719)
	at org.apache.catalina.core.StandardHost.addChild(StandardHost.java:705)
	at org.apache.catalina.startup.HostConfig.deployDirectory(HostConfig.java:1125)
	at org.apache.catalina.startup.HostConfig$DeployDirectory.run(HostConfig.java:1859)
	at java.base/java.util.concurrent.Executors$RunnableAdapter.call(Executors.java:515)
	at java.base/java.util.concurrent.FutureTask.run(FutureTask.java:264)
	at java.base/java.util.concurrent.ThreadPoolExecutor.runWorker(ThreadPoolExecutor.java:1128)
	at java.base/java.util.concurrent.ThreadPoolExecutor$Worker.run(ThreadPoolExecutor.java:628)
	at java.base/java.lang.Thread.run(Thread.java:829)
java.io.FileNotFoundException: ../models/SQLScripts/event.sql (No such file or directory)
	at java.base/java.io.FileInputStream.open0(Native Method)
	at java.base/java.io.FileInputStream.open(FileInputStream.java:219)
	at java.base/java.io.FileInputStream.<init>(FileInputStream.java:157)
	at java.base/java.io.FileInputStream.<init>(FileInputStream.java:112)
	at java.base/java.io.FileReader.<init>(FileReader.java:60)
	at com.zs.codeDojo.models.config.Config.readScript(Config.java:87)
	at com.zs.codeDojo.models.config.Config.createEvent(Config.java:76)
	at com.zs.codeDojo.models.config.Config.contextInitialized(Config.java:51)
	at org.apache.catalina.core.StandardContext.listenerStart(StandardContext.java:4699)
	at org.apache.catalina.core.StandardContext.startInternal(StandardContext.java:5165)
	at org.apache.catalina.util.LifecycleBase.start(LifecycleBase.java:183)
	at org.apache.catalina.core.ContainerBase.addChildInternal(ContainerBase.java:743)
	at org.apache.catalina.core.ContainerBase.addChild(ContainerBase.java:719)
	at org.apache.catalina.core.StandardHost.addChild(StandardHost.java:705)
	at org.apache.catalina.startup.HostConfig.deployDirectory(HostConfig.java:1125)
	at org.apache.catalina.startup.HostConfig$DeployDirectory.run(HostConfig.java:1859)
	at java.base/java.util.concurrent.Executors$RunnableAdapter.call(Executors.java:515)
	at java.base/java.util.concurrent.FutureTask.run(FutureTask.java:264)
	at java.base/java.util.concurrent.ThreadPoolExecutor.runWorker(ThreadPoolExecutor.java:1128)
	at java.base/java.util.concurrent.ThreadPoolExecutor$Worker.run(ThreadPoolExecutor.java:628)
	at java.base/java.lang.Thread.run(Thread.java:829)
2024-03-12 02:40:32  All configs checked
2024-03-12 02:40:35  SLF4J: No SLF4J providers were found.
2024-03-12 02:40:35  SLF4J: Defaulting to no-operation (NOP) logger implementation
2024-03-12 02:40:35  SLF4J: See https://www.slf4j.org/codes.html#noProviders for further details.
2024-03-12 02:40:35  SLF4J: Class path contains SLF4J bindings targeting slf4j-api versions 1.7.x or earlier.
2024-03-12 02:40:35  SLF4J: Ignoring binding found at [jar:file:/opt/apache/webapps/struts2/WEB-INF/lib/log4j-slf4j-impl-2.20.0.jar!/org/slf4j/impl/StaticLoggerBinder.class]
2024-03-12 02:40:35  SLF4J: See https://www.slf4j.org/codes.html#ignoredBindings for an explanation.
2024-03-12 02:40:42  uvchan
2024-03-12 02:40:42  uvchan123
java.io.FileNotFoundException: ../models/SQLScripts/procedure.sql (No such file or directory)
	at java.base/java.io.FileInputStream.open0(Native Method)
	at java.base/java.io.FileInputStream.open(FileInputStream.java:219)
	at java.base/java.io.FileInputStream.<init>(FileInputStream.java:157)
	at java.base/java.io.FileInputStream.<init>(FileInputStream.java:112)
	at java.base/java.io.FileReader.<init>(FileReader.java:60)
	at com.zs.codeDojo.models.config.Config.readScript(Config.java:87)
	at com.zs.codeDojo.models.config.Config.createProcedure(Config.java:64)
	at com.zs.codeDojo.models.config.Config.contextInitialized(Config.java:50)
	at org.apache.catalina.core.StandardContext.listenerStart(StandardContext.java:4699)
	at org.apache.catalina.core.StandardContext.startInternal(StandardContext.java:5165)
	at org.apache.catalina.util.LifecycleBase.start(LifecycleBase.java:183)
	at org.apache.catalina.core.ContainerBase.addChildInternal(ContainerBase.java:743)
	at org.apache.catalina.core.ContainerBase.addChild(ContainerBase.java:719)
	at org.apache.catalina.core.StandardHost.addChild(StandardHost.java:705)
	at org.apache.catalina.startup.HostConfig.deployDirectory(HostConfig.java:1125)
	at org.apache.catalina.startup.HostConfig$DeployDirectory.run(HostConfig.java:1859)
	at java.base/java.util.concurrent.Executors$RunnableAdapter.call(Executors.java:515)
	at java.base/java.util.concurrent.FutureTask.run(FutureTask.java:264)
	at java.base/java.util.concurrent.ThreadPoolExecutor.runWorker(ThreadPoolExecutor.java:1128)
	at java.base/java.util.concurrent.ThreadPoolExecutor$Worker.run(ThreadPoolExecutor.java:628)
	at java.base/java.lang.Thread.run(Thread.java:829)
java.io.FileNotFoundException: ../models/SQLScripts/event.sql (No such file or directory)
	at java.base/java.io.FileInputStream.open0(Native Method)
	at java.base/java.io.FileInputStream.open(FileInputStream.java:219)
	at java.base/java.io.FileInputStream.<init>(FileInputStream.java:157)
	at java.base/java.io.FileInputStream.<init>(FileInputStream.java:112)
	at java.base/java.io.FileReader.<init>(FileReader.java:60)
	at com.zs.codeDojo.models.config.Config.readScript(Config.java:87)
	at com.zs.codeDojo.models.config.Config.createEvent(Config.java:76)
	at com.zs.codeDojo.models.config.Config.contextInitialized(Config.java:51)
	at org.apache.catalina.core.StandardContext.listenerStart(StandardContext.java:4699)
	at org.apache.catalina.core.StandardContext.startInternal(StandardContext.java:5165)
	at org.apache.catalina.util.LifecycleBase.start(LifecycleBase.java:183)
	at org.apache.catalina.core.ContainerBase.addChildInternal(ContainerBase.java:743)
	at org.apache.catalina.core.ContainerBase.addChild(ContainerBase.java:719)
	at org.apache.catalina.core.StandardHost.addChild(StandardHost.java:705)
	at org.apache.catalina.startup.HostConfig.deployDirectory(HostConfig.java:1125)
	at org.apache.catalina.startup.HostConfig$DeployDirectory.run(HostConfig.java:1859)
	at java.base/java.util.concurrent.Executors$RunnableAdapter.call(Executors.java:515)
	at java.base/java.util.concurrent.FutureTask.run(FutureTask.java:264)
	at java.base/java.util.concurrent.ThreadPoolExecutor.runWorker(ThreadPoolExecutor.java:1128)
	at java.base/java.util.concurrent.ThreadPoolExecutor$Worker.run(ThreadPoolExecutor.java:628)
	at java.base/java.lang.Thread.run(Thread.java:829)
2024-03-12 02:41:25  All configs checked
2024-03-12 02:41:28  SLF4J: No SLF4J providers were found.
2024-03-12 02:41:28  SLF4J: Defaulting to no-operation (NOP) logger implementation
2024-03-12 02:41:28  SLF4J: See https://www.slf4j.org/codes.html#noProviders for further details.
2024-03-12 02:41:28  SLF4J: Class path contains SLF4J bindings targeting slf4j-api versions 1.7.x or earlier.
2024-03-12 02:41:28  SLF4J: Ignoring binding found at [jar:file:/opt/apache/webapps/struts2/WEB-INF/lib/log4j-slf4j-impl-2.20.0.jar!/org/slf4j/impl/StaticLoggerBinder.class]
2024-03-12 02:41:28  SLF4J: See https://www.slf4j.org/codes.html#ignoredBindings for an explanation.
2024-03-12 02:41:35  uvchan
2024-03-12 02:41:35  uvchan123
java.io.FileNotFoundException: ../models/SQLScripts/procedure.sql (No such file or directory)
	at java.base/java.io.FileInputStream.open0(Native Method)
	at java.base/java.io.FileInputStream.open(FileInputStream.java:219)
	at java.base/java.io.FileInputStream.<init>(FileInputStream.java:157)
	at java.base/java.io.FileInputStream.<init>(FileInputStream.java:112)
	at java.base/java.io.FileReader.<init>(FileReader.java:60)
	at com.zs.codeDojo.models.config.Config.readScript(Config.java:87)
	at com.zs.codeDojo.models.config.Config.createProcedure(Config.java:64)
	at com.zs.codeDojo.models.config.Config.contextInitialized(Config.java:50)
	at org.apache.catalina.core.StandardContext.listenerStart(StandardContext.java:4699)
	at org.apache.catalina.core.StandardContext.startInternal(StandardContext.java:5165)
	at org.apache.catalina.util.LifecycleBase.start(LifecycleBase.java:183)
	at org.apache.catalina.core.ContainerBase.addChildInternal(ContainerBase.java:743)
	at org.apache.catalina.core.ContainerBase.addChild(ContainerBase.java:719)
	at org.apache.catalina.core.StandardHost.addChild(StandardHost.java:705)
	at org.apache.catalina.startup.HostConfig.deployDirectory(HostConfig.java:1125)
	at org.apache.catalina.startup.HostConfig$DeployDirectory.run(HostConfig.java:1859)
	at java.base/java.util.concurrent.Executors$RunnableAdapter.call(Executors.java:515)
	at java.base/java.util.concurrent.FutureTask.run(FutureTask.java:264)
	at java.base/java.util.concurrent.ThreadPoolExecutor.runWorker(ThreadPoolExecutor.java:1128)
	at java.base/java.util.concurrent.ThreadPoolExecutor$Worker.run(ThreadPoolExecutor.java:628)
	at java.base/java.lang.Thread.run(Thread.java:829)
java.io.FileNotFoundException: ../models/SQLScripts/event.sql (No such file or directory)
	at java.base/java.io.FileInputStream.open0(Native Method)
	at java.base/java.io.FileInputStream.open(FileInputStream.java:219)
	at java.base/java.io.FileInputStream.<init>(FileInputStream.java:157)
	at java.base/java.io.FileInputStream.<init>(FileInputStream.java:112)
	at java.base/java.io.FileReader.<init>(FileReader.java:60)
	at com.zs.codeDojo.models.config.Config.readScript(Config.java:87)
	at com.zs.codeDojo.models.config.Config.createEvent(Config.java:76)
	at com.zs.codeDojo.models.config.Config.contextInitialized(Config.java:51)
	at org.apache.catalina.core.StandardContext.listenerStart(StandardContext.java:4699)
	at org.apache.catalina.core.StandardContext.startInternal(StandardContext.java:5165)
	at org.apache.catalina.util.LifecycleBase.start(LifecycleBase.java:183)
	at org.apache.catalina.core.ContainerBase.addChildInternal(ContainerBase.java:743)
	at org.apache.catalina.core.ContainerBase.addChild(ContainerBase.java:719)
	at org.apache.catalina.core.StandardHost.addChild(StandardHost.java:705)
	at org.apache.catalina.startup.HostConfig.deployDirectory(HostConfig.java:1125)
	at org.apache.catalina.startup.HostConfig$DeployDirectory.run(HostConfig.java:1859)
	at java.base/java.util.concurrent.Executors$RunnableAdapter.call(Executors.java:515)
	at java.base/java.util.concurrent.FutureTask.run(FutureTask.java:264)
	at java.base/java.util.concurrent.ThreadPoolExecutor.runWorker(ThreadPoolExecutor.java:1128)
	at java.base/java.util.concurrent.ThreadPoolExecutor$Worker.run(ThreadPoolExecutor.java:628)
	at java.base/java.lang.Thread.run(Thread.java:829)
2024-03-12 02:42:53  All configs checked
2024-03-12 02:42:56  SLF4J: No SLF4J providers were found.
2024-03-12 02:42:56  SLF4J: Defaulting to no-operation (NOP) logger implementation
2024-03-12 02:42:56  SLF4J: See https://www.slf4j.org/codes.html#noProviders for further details.
2024-03-12 02:42:56  SLF4J: Class path contains SLF4J bindings targeting slf4j-api versions 1.7.x or earlier.
2024-03-12 02:42:56  SLF4J: Ignoring binding found at [jar:file:/opt/apache/webapps/struts2/WEB-INF/lib/log4j-slf4j-impl-2.20.0.jar!/org/slf4j/impl/StaticLoggerBinder.class]
2024-03-12 02:42:56  SLF4J: See https://www.slf4j.org/codes.html#ignoredBindings for an explanation.
2024-03-12 02:43:03  uvchan
2024-03-12 02:43:03  uvchan123
java.io.FileNotFoundException: ../models/SQLScripts/procedure.sql (No such file or directory)
	at java.base/java.io.FileInputStream.open0(Native Method)
	at java.base/java.io.FileInputStream.open(FileInputStream.java:219)
	at java.base/java.io.FileInputStream.<init>(FileInputStream.java:157)
	at java.base/java.io.FileInputStream.<init>(FileInputStream.java:112)
	at java.base/java.io.FileReader.<init>(FileReader.java:60)
	at com.zs.codeDojo.models.config.Config.readScript(Config.java:87)
	at com.zs.codeDojo.models.config.Config.createProcedure(Config.java:64)
	at com.zs.codeDojo.models.config.Config.contextInitialized(Config.java:50)
	at org.apache.catalina.core.StandardContext.listenerStart(StandardContext.java:4699)
	at org.apache.catalina.core.StandardContext.startInternal(StandardContext.java:5165)
	at org.apache.catalina.util.LifecycleBase.start(LifecycleBase.java:183)
	at org.apache.catalina.core.ContainerBase.addChildInternal(ContainerBase.java:743)
	at org.apache.catalina.core.ContainerBase.addChild(ContainerBase.java:719)
	at org.apache.catalina.core.StandardHost.addChild(StandardHost.java:705)
	at org.apache.catalina.startup.HostConfig.deployDirectory(HostConfig.java:1125)
	at org.apache.catalina.startup.HostConfig$DeployDirectory.run(HostConfig.java:1859)
	at java.base/java.util.concurrent.Executors$RunnableAdapter.call(Executors.java:515)
	at java.base/java.util.concurrent.FutureTask.run(FutureTask.java:264)
	at java.base/java.util.concurrent.ThreadPoolExecutor.runWorker(ThreadPoolExecutor.java:1128)
	at java.base/java.util.concurrent.ThreadPoolExecutor$Worker.run(ThreadPoolExecutor.java:628)
	at java.base/java.lang.Thread.run(Thread.java:829)
java.io.FileNotFoundException: ../models/SQLScripts/event.sql (No such file or directory)
	at java.base/java.io.FileInputStream.open0(Native Method)
	at java.base/java.io.FileInputStream.open(FileInputStream.java:219)
	at java.base/java.io.FileInputStream.<init>(FileInputStream.java:157)
	at java.base/java.io.FileInputStream.<init>(FileInputStream.java:112)
	at java.base/java.io.FileReader.<init>(FileReader.java:60)
	at com.zs.codeDojo.models.config.Config.readScript(Config.java:87)
	at com.zs.codeDojo.models.config.Config.createEvent(Config.java:76)
	at com.zs.codeDojo.models.config.Config.contextInitialized(Config.java:51)
	at org.apache.catalina.core.StandardContext.listenerStart(StandardContext.java:4699)
	at org.apache.catalina.core.StandardContext.startInternal(StandardContext.java:5165)
	at org.apache.catalina.util.LifecycleBase.start(LifecycleBase.java:183)
	at org.apache.catalina.core.ContainerBase.addChildInternal(ContainerBase.java:743)
	at org.apache.catalina.core.ContainerBase.addChild(ContainerBase.java:719)
	at org.apache.catalina.core.StandardHost.addChild(StandardHost.java:705)
	at org.apache.catalina.startup.HostConfig.deployDirectory(HostConfig.java:1125)
	at org.apache.catalina.startup.HostConfig$DeployDirectory.run(HostConfig.java:1859)
	at java.base/java.util.concurrent.Executors$RunnableAdapter.call(Executors.java:515)
	at java.base/java.util.concurrent.FutureTask.run(FutureTask.java:264)
	at java.base/java.util.concurrent.ThreadPoolExecutor.runWorker(ThreadPoolExecutor.java:1128)
	at java.base/java.util.concurrent.ThreadPoolExecutor$Worker.run(ThreadPoolExecutor.java:628)
	at java.base/java.lang.Thread.run(Thread.java:829)
2024-03-12 02:52:39  All configs checked
2024-03-12 02:52:42  SLF4J: No SLF4J providers were found.
2024-03-12 02:52:42  SLF4J: Defaulting to no-operation (NOP) logger implementation
2024-03-12 02:52:42  SLF4J: See https://www.slf4j.org/codes.html#noProviders for further details.
2024-03-12 02:52:42  SLF4J: Class path contains SLF4J bindings targeting slf4j-api versions 1.7.x or earlier.
2024-03-12 02:52:42  SLF4J: Ignoring binding found at [jar:file:/opt/apache/webapps/struts2/WEB-INF/lib/log4j-slf4j-impl-2.20.0.jar!/org/slf4j/impl/StaticLoggerBinder.class]
2024-03-12 02:52:42  SLF4J: See https://www.slf4j.org/codes.html#ignoredBindings for an explanation.
2024-03-12 02:52:50  uvchan
2024-03-12 02:52:50  uvchan123
java.io.FileNotFoundException: ../models/SQLScripts/procedure.sql (No such file or directory)
	at java.base/java.io.FileInputStream.open0(Native Method)
	at java.base/java.io.FileInputStream.open(FileInputStream.java:219)
	at java.base/java.io.FileInputStream.<init>(FileInputStream.java:157)
	at java.base/java.io.FileInputStream.<init>(FileInputStream.java:112)
	at java.base/java.io.FileReader.<init>(FileReader.java:60)
	at com.zs.codeDojo.models.config.Config.readScript(Config.java:87)
	at com.zs.codeDojo.models.config.Config.createProcedure(Config.java:64)
	at com.zs.codeDojo.models.config.Config.contextInitialized(Config.java:50)
	at org.apache.catalina.core.StandardContext.listenerStart(StandardContext.java:4699)
	at org.apache.catalina.core.StandardContext.startInternal(StandardContext.java:5165)
	at org.apache.catalina.util.LifecycleBase.start(LifecycleBase.java:183)
	at org.apache.catalina.core.ContainerBase.addChildInternal(ContainerBase.java:743)
	at org.apache.catalina.core.ContainerBase.addChild(ContainerBase.java:719)
	at org.apache.catalina.core.StandardHost.addChild(StandardHost.java:705)
	at org.apache.catalina.startup.HostConfig.deployDirectory(HostConfig.java:1125)
	at org.apache.catalina.startup.HostConfig$DeployDirectory.run(HostConfig.java:1859)
	at java.base/java.util.concurrent.Executors$RunnableAdapter.call(Executors.java:515)
	at java.base/java.util.concurrent.FutureTask.run(FutureTask.java:264)
	at java.base/java.util.concurrent.ThreadPoolExecutor.runWorker(ThreadPoolExecutor.java:1128)
	at java.base/java.util.concurrent.ThreadPoolExecutor$Worker.run(ThreadPoolExecutor.java:628)
	at java.base/java.lang.Thread.run(Thread.java:829)
java.io.FileNotFoundException: ../models/SQLScripts/event.sql (No such file or directory)
	at java.base/java.io.FileInputStream.open0(Native Method)
	at java.base/java.io.FileInputStream.open(FileInputStream.java:219)
	at java.base/java.io.FileInputStream.<init>(FileInputStream.java:157)
	at java.base/java.io.FileInputStream.<init>(FileInputStream.java:112)
	at java.base/java.io.FileReader.<init>(FileReader.java:60)
	at com.zs.codeDojo.models.config.Config.readScript(Config.java:87)
	at com.zs.codeDojo.models.config.Config.createEvent(Config.java:76)
	at com.zs.codeDojo.models.config.Config.contextInitialized(Config.java:51)
	at org.apache.catalina.core.StandardContext.listenerStart(StandardContext.java:4699)
	at org.apache.catalina.core.StandardContext.startInternal(StandardContext.java:5165)
	at org.apache.catalina.util.LifecycleBase.start(LifecycleBase.java:183)
	at org.apache.catalina.core.ContainerBase.addChildInternal(ContainerBase.java:743)
	at org.apache.catalina.core.ContainerBase.addChild(ContainerBase.java:719)
	at org.apache.catalina.core.StandardHost.addChild(StandardHost.java:705)
	at org.apache.catalina.startup.HostConfig.deployDirectory(HostConfig.java:1125)
	at org.apache.catalina.startup.HostConfig$DeployDirectory.run(HostConfig.java:1859)
	at java.base/java.util.concurrent.Executors$RunnableAdapter.call(Executors.java:515)
	at java.base/java.util.concurrent.FutureTask.run(FutureTask.java:264)
	at java.base/java.util.concurrent.ThreadPoolExecutor.runWorker(ThreadPoolExecutor.java:1128)
	at java.base/java.util.concurrent.ThreadPoolExecutor$Worker.run(ThreadPoolExecutor.java:628)
	at java.base/java.lang.Thread.run(Thread.java:829)
2024-03-12 02:57:02  All configs checked
2024-03-12 02:57:05  SLF4J: No SLF4J providers were found.
2024-03-12 02:57:05  SLF4J: Defaulting to no-operation (NOP) logger implementation
2024-03-12 02:57:05  SLF4J: See https://www.slf4j.org/codes.html#noProviders for further details.
2024-03-12 02:57:05  SLF4J: Class path contains SLF4J bindings targeting slf4j-api versions 1.7.x or earlier.
2024-03-12 02:57:05  SLF4J: Ignoring binding found at [jar:file:/opt/apache/webapps/struts2/WEB-INF/lib/log4j-slf4j-impl-2.20.0.jar!/org/slf4j/impl/StaticLoggerBinder.class]
2024-03-12 02:57:05  SLF4J: See https://www.slf4j.org/codes.html#ignoredBindings for an explanation.
2024-03-12 02:57:13  uvchan
2024-03-12 02:57:13  uvchan123
